<?xml version="1.0" encoding="UTF-8"?>
<!-- Generated by org.testng.reporters.JUnitXMLReporter -->
<testsuite ignored="0" hostname="DESKTOP-MA4UJFN" failures="1" tests="1" name="Login Test" time="24.9" errors="0" timestamp="2025-08-24T18:50:00 IST">
  <testcase classname="com.orangehrm.tests.LoginTest" name="testAdminLogin" time="0.019">
    <failure type="java.lang.Error" message="Unresolved compilation problems: 
	prop cannot be resolved
	prop cannot be resolved
">
      <![CDATA[java.lang.Error: Unresolved compilation problems: 
prop cannot be resolved
prop cannot be resolved

at com.orangehrm.tests.LoginTest.testAdminLogin(LoginTest.java:12)
at java.base/java.util.ArrayList.forEach(ArrayList.java:1604)
... Removed 25 stack frames]]>
    </failure>
  </testcase> <!-- testAdminLogin -->
</testsuite> <!-- Login Test -->
